{"C:\\reactjs\\learn_rest_practise_async\\app.js": {"path":"C:\\reactjs\\learn_rest_practise_async\\app.js","statementMap":{"0":{"start":{"line":1,"column":16},"end":{"line":1,"column":34}},"1":{"start":{"line":2,"column":15},"end":{"line":2,"column":32}},"2":{"start":{"line":3,"column":13},"end":{"line":3,"column":28}},"3":{"start":{"line":4,"column":17},"end":{"line":4,"column":36}},"4":{"start":{"line":5,"column":19},"end":{"line":5,"column":43}},"5":{"start":{"line":6,"column":19},"end":{"line":6,"column":43}},"6":{"start":{"line":7,"column":19},"end":{"line":7,"column":41}},"7":{"start":{"line":9,"column":12},"end":{"line":9,"column":21}},"8":{"start":{"line":11,"column":0},"end":{"line":11,"column":67}},"9":{"start":{"line":13,"column":19},"end":{"line":20,"column":1}},"10":{"start":{"line":15,"column":4},"end":{"line":19,"column":5}},"11":{"start":{"line":16,"column":8},"end":{"line":16,"column":23}},"12":{"start":{"line":18,"column":8},"end":{"line":18,"column":24}},"13":{"start":{"line":21,"column":20},"end":{"line":28,"column":2}},"14":{"start":{"line":23,"column":8},"end":{"line":23,"column":27}},"15":{"start":{"line":26,"column":8},"end":{"line":26,"column":52}},"16":{"start":{"line":30,"column":0},"end":{"line":36,"column":3}},"17":{"start":{"line":31,"column":4},"end":{"line":31,"column":54}},"18":{"start":{"line":33,"column":4},"end":{"line":33,"column":55}},"19":{"start":{"line":34,"column":4},"end":{"line":34,"column":81}},"20":{"start":{"line":35,"column":4},"end":{"line":35,"column":11}},"21":{"start":{"line":38,"column":0},"end":{"line":38,"column":51}},"22":{"start":{"line":39,"column":0},"end":{"line":39,"column":27}},"23":{"start":{"line":40,"column":0},"end":{"line":40,"column":82}},"24":{"start":{"line":42,"column":0},"end":{"line":42,"column":29}},"25":{"start":{"line":43,"column":0},"end":{"line":43,"column":29}},"26":{"start":{"line":45,"column":0},"end":{"line":51,"column":3}},"27":{"start":{"line":46,"column":4},"end":{"line":46,"column":23}},"28":{"start":{"line":47,"column":19},"end":{"line":47,"column":42}},"29":{"start":{"line":48,"column":20},"end":{"line":48,"column":33}},"30":{"start":{"line":49,"column":17},"end":{"line":49,"column":27}},"31":{"start":{"line":50,"column":4},"end":{"line":50,"column":62}},"32":{"start":{"line":56,"column":0},"end":{"line":79,"column":7}},"33":{"start":{"line":77,"column":8},"end":{"line":77,"column":25}},"34":{"start":{"line":81,"column":19},"end":{"line":81,"column":35}},"35":{"start":{"line":85,"column":4},"end":{"line":85,"column":28}}},"fnMap":{"0":{"name":"(anonymous_0)","decl":{"start":{"line":13,"column":19},"end":{"line":13,"column":20}},"loc":{"start":{"line":13,"column":38},"end":{"line":20,"column":1}},"line":13},"1":{"name":"(anonymous_1)","decl":{"start":{"line":22,"column":17},"end":{"line":22,"column":18}},"loc":{"start":{"line":22,"column":36},"end":{"line":24,"column":5}},"line":22},"2":{"name":"(anonymous_2)","decl":{"start":{"line":25,"column":14},"end":{"line":25,"column":15}},"loc":{"start":{"line":25,"column":33},"end":{"line":27,"column":5}},"line":25},"3":{"name":"(anonymous_3)","decl":{"start":{"line":30,"column":8},"end":{"line":30,"column":9}},"loc":{"start":{"line":30,"column":28},"end":{"line":36,"column":1}},"line":30},"4":{"name":"(anonymous_4)","decl":{"start":{"line":45,"column":8},"end":{"line":45,"column":9}},"loc":{"start":{"line":45,"column":35},"end":{"line":51,"column":1}},"line":45},"5":{"name":"(anonymous_5)","decl":{"start":{"line":57,"column":10},"end":{"line":57,"column":11}},"loc":{"start":{"line":57,"column":20},"end":{"line":75,"column":5}},"line":57},"6":{"name":"(anonymous_6)","decl":{"start":{"line":76,"column":11},"end":{"line":76,"column":12}},"loc":{"start":{"line":76,"column":18},"end":{"line":79,"column":5}},"line":76}},"branchMap":{"0":{"loc":{"start":{"line":15,"column":4},"end":{"line":19,"column":5}},"type":"if","locations":[{"start":{"line":15,"column":4},"end":{"line":19,"column":5}},{"start":{"line":15,"column":4},"end":{"line":19,"column":5}}],"line":15},"1":{"loc":{"start":{"line":15,"column":8},"end":{"line":15,"column":146}},"type":"binary-expr","locations":[{"start":{"line":15,"column":8},"end":{"line":15,"column":51}},{"start":{"line":15,"column":55},"end":{"line":15,"column":98}},{"start":{"line":15,"column":102},"end":{"line":15,"column":146}}],"line":15},"2":{"loc":{"start":{"line":47,"column":19},"end":{"line":47,"column":42}},"type":"binary-expr","locations":[{"start":{"line":47,"column":19},"end":{"line":47,"column":35}},{"start":{"line":47,"column":39},"end":{"line":47,"column":42}}],"line":47}},"s":{"0":2,"1":2,"2":2,"3":2,"4":2,"5":2,"6":2,"7":2,"8":2,"9":2,"10":0,"11":0,"12":0,"13":2,"14":0,"15":0,"16":2,"17":6,"18":6,"19":6,"20":6,"21":2,"22":2,"23":2,"24":2,"25":2,"26":2,"27":4,"28":4,"29":4,"30":4,"31":4,"32":2,"33":0,"34":2,"35":2},"f":{"0":0,"1":0,"2":0,"3":6,"4":4,"5":1,"6":0},"b":{"0":[0,0],"1":[0,0,0],"2":[4,0]},"_coverageSchema":"43e27e138ebf9cfc5966b082cf9a028302ed4184","hash":"9cd1afd24b9d03690ae481f174b74cebcdf4bea0"}
,"C:\\reactjs\\learn_rest_practise_async\\socket.js": {"path":"C:\\reactjs\\learn_rest_practise_async\\socket.js","statementMap":{"0":{"start":{"line":3,"column":0},"end":{"line":16,"column":1}},"1":{"start":{"line":6,"column":7},"end":{"line":6,"column":45}},"2":{"start":{"line":7,"column":7},"end":{"line":7,"column":17}},"3":{"start":{"line":11,"column":9},"end":{"line":13,"column":10}},"4":{"start":{"line":12,"column":13},"end":{"line":12,"column":67}},"5":{"start":{"line":14,"column":9},"end":{"line":14,"column":19}}},"fnMap":{"0":{"name":"(anonymous_0)","decl":{"start":{"line":5,"column":10},"end":{"line":5,"column":11}},"loc":{"start":{"line":5,"column":24},"end":{"line":8,"column":5}},"line":5},"1":{"name":"(anonymous_1)","decl":{"start":{"line":10,"column":11},"end":{"line":10,"column":12}},"loc":{"start":{"line":10,"column":17},"end":{"line":15,"column":5}},"line":10}},"branchMap":{"0":{"loc":{"start":{"line":11,"column":9},"end":{"line":13,"column":10}},"type":"if","locations":[{"start":{"line":11,"column":9},"end":{"line":13,"column":10}},{"start":{"line":11,"column":9},"end":{"line":13,"column":10}}],"line":11}},"s":{"0":2,"1":0,"2":0,"3":0,"4":0,"5":0},"f":{"0":0,"1":0},"b":{"0":[0,0]},"_coverageSchema":"43e27e138ebf9cfc5966b082cf9a028302ed4184","hash":"8e3923f95ec57217fdd1ce4bc9fa8e3a3c78f7ff"}
,"C:\\reactjs\\learn_rest_practise_async\\controllers\\auth.js": {"path":"C:\\reactjs\\learn_rest_practise_async\\controllers\\auth.js","statementMap":{"0":{"start":{"line":1,"column":27},"end":{"line":1,"column":55}},"1":{"start":{"line":2,"column":15},"end":{"line":2,"column":34}},"2":{"start":{"line":3,"column":12},"end":{"line":3,"column":35}},"3":{"start":{"line":4,"column":13},"end":{"line":4,"column":38}},"4":{"start":{"line":6,"column":0},"end":{"line":44,"column":1}},"5":{"start":{"line":8,"column":19},"end":{"line":8,"column":40}},"6":{"start":{"line":9,"column":4},"end":{"line":14,"column":5}},"7":{"start":{"line":10,"column":22},"end":{"line":10,"column":53}},"8":{"start":{"line":11,"column":8},"end":{"line":11,"column":31}},"9":{"start":{"line":12,"column":8},"end":{"line":12,"column":36}},"10":{"start":{"line":13,"column":8},"end":{"line":13,"column":20}},"11":{"start":{"line":15,"column":18},"end":{"line":15,"column":32}},"12":{"start":{"line":16,"column":21},"end":{"line":16,"column":38}},"13":{"start":{"line":17,"column":17},"end":{"line":17,"column":30}},"14":{"start":{"line":22,"column":4},"end":{"line":42,"column":7}},"15":{"start":{"line":24,"column":21},"end":{"line":28,"column":10}},"16":{"start":{"line":30,"column":8},"end":{"line":30,"column":27}},"17":{"start":{"line":33,"column":8},"end":{"line":35,"column":11}},"18":{"start":{"line":38,"column":8},"end":{"line":40,"column":9}},"19":{"start":{"line":39,"column":12},"end":{"line":39,"column":33}},"20":{"start":{"line":41,"column":8},"end":{"line":41,"column":18}},"21":{"start":{"line":46,"column":0},"end":{"line":83,"column":2}},"22":{"start":{"line":47,"column":18},"end":{"line":47,"column":32}},"23":{"start":{"line":48,"column":21},"end":{"line":48,"column":38}},"24":{"start":{"line":50,"column":4},"end":{"line":81,"column":7}},"25":{"start":{"line":52,"column":8},"end":{"line":56,"column":9}},"26":{"start":{"line":53,"column":26},"end":{"line":53,"column":53}},"27":{"start":{"line":54,"column":12},"end":{"line":54,"column":35}},"28":{"start":{"line":55,"column":12},"end":{"line":55,"column":24}},"29":{"start":{"line":58,"column":8},"end":{"line":58,"column":26}},"30":{"start":{"line":59,"column":8},"end":{"line":59,"column":55}},"31":{"start":{"line":62,"column":8},"end":{"line":66,"column":9}},"32":{"start":{"line":63,"column":27},"end":{"line":63,"column":58}},"33":{"start":{"line":64,"column":12},"end":{"line":64,"column":35}},"34":{"start":{"line":65,"column":12},"end":{"line":65,"column":24}},"35":{"start":{"line":67,"column":22},"end":{"line":73,"column":30}},"36":{"start":{"line":74,"column":12},"end":{"line":74,"column":91}},"37":{"start":{"line":77,"column":8},"end":{"line":79,"column":9}},"38":{"start":{"line":78,"column":12},"end":{"line":78,"column":33}},"39":{"start":{"line":80,"column":8},"end":{"line":80,"column":18}},"40":{"start":{"line":85,"column":0},"end":{"line":97,"column":2}},"41":{"start":{"line":86,"column":4},"end":{"line":96,"column":5}},"42":{"start":{"line":87,"column":18},"end":{"line":87,"column":49}},"43":{"start":{"line":90,"column":4},"end":{"line":90,"column":55}},"44":{"start":{"line":92,"column":8},"end":{"line":94,"column":9}},"45":{"start":{"line":93,"column":12},"end":{"line":93,"column":33}},"46":{"start":{"line":95,"column":8},"end":{"line":95,"column":18}},"47":{"start":{"line":99,"column":0},"end":{"line":120,"column":1}},"48":{"start":{"line":100,"column":19},"end":{"line":100,"column":34}},"49":{"start":{"line":101,"column":4},"end":{"line":101,"column":26}},"50":{"start":{"line":103,"column":19},"end":{"line":103,"column":40}},"51":{"start":{"line":104,"column":4},"end":{"line":109,"column":5}},"52":{"start":{"line":106,"column":22},"end":{"line":106,"column":52}},"53":{"start":{"line":107,"column":8},"end":{"line":107,"column":31}},"54":{"start":{"line":108,"column":8},"end":{"line":108,"column":20}},"55":{"start":{"line":111,"column":4},"end":{"line":119,"column":5}},"56":{"start":{"line":112,"column":4},"end":{"line":112,"column":63}},"57":{"start":{"line":113,"column":4},"end":{"line":113,"column":75}},"58":{"start":{"line":115,"column":8},"end":{"line":117,"column":9}},"59":{"start":{"line":116,"column":12},"end":{"line":116,"column":33}},"60":{"start":{"line":118,"column":8},"end":{"line":118,"column":18}}},"fnMap":{"0":{"name":"(anonymous_0)","decl":{"start":{"line":6,"column":17},"end":{"line":6,"column":18}},"loc":{"start":{"line":6,"column":37},"end":{"line":44,"column":1}},"line":6},"1":{"name":"(anonymous_1)","decl":{"start":{"line":23,"column":10},"end":{"line":23,"column":11}},"loc":{"start":{"line":23,"column":28},"end":{"line":31,"column":5}},"line":23},"2":{"name":"(anonymous_2)","decl":{"start":{"line":32,"column":10},"end":{"line":32,"column":11}},"loc":{"start":{"line":32,"column":20},"end":{"line":36,"column":5}},"line":32},"3":{"name":"(anonymous_3)","decl":{"start":{"line":37,"column":11},"end":{"line":37,"column":12}},"loc":{"start":{"line":37,"column":18},"end":{"line":42,"column":5}},"line":37},"4":{"name":"(anonymous_4)","decl":{"start":{"line":46,"column":16},"end":{"line":46,"column":17}},"loc":{"start":{"line":46,"column":36},"end":{"line":83,"column":1}},"line":46},"5":{"name":"(anonymous_5)","decl":{"start":{"line":51,"column":10},"end":{"line":51,"column":11}},"loc":{"start":{"line":51,"column":18},"end":{"line":60,"column":5}},"line":51},"6":{"name":"(anonymous_6)","decl":{"start":{"line":61,"column":10},"end":{"line":61,"column":11}},"loc":{"start":{"line":61,"column":21},"end":{"line":75,"column":5}},"line":61},"7":{"name":"(anonymous_7)","decl":{"start":{"line":76,"column":11},"end":{"line":76,"column":12}},"loc":{"start":{"line":76,"column":18},"end":{"line":81,"column":5}},"line":76},"8":{"name":"(anonymous_8)","decl":{"start":{"line":85,"column":17},"end":{"line":85,"column":18}},"loc":{"start":{"line":85,"column":43},"end":{"line":97,"column":1}},"line":85},"9":{"name":"(anonymous_9)","decl":{"start":{"line":99,"column":23},"end":{"line":99,"column":24}},"loc":{"start":{"line":99,"column":49},"end":{"line":120,"column":1}},"line":99}},"branchMap":{"0":{"loc":{"start":{"line":9,"column":4},"end":{"line":14,"column":5}},"type":"if","locations":[{"start":{"line":9,"column":4},"end":{"line":14,"column":5}},{"start":{"line":9,"column":4},"end":{"line":14,"column":5}}],"line":9},"1":{"loc":{"start":{"line":38,"column":8},"end":{"line":40,"column":9}},"type":"if","locations":[{"start":{"line":38,"column":8},"end":{"line":40,"column":9}},{"start":{"line":38,"column":8},"end":{"line":40,"column":9}}],"line":38},"2":{"loc":{"start":{"line":52,"column":8},"end":{"line":56,"column":9}},"type":"if","locations":[{"start":{"line":52,"column":8},"end":{"line":56,"column":9}},{"start":{"line":52,"column":8},"end":{"line":56,"column":9}}],"line":52},"3":{"loc":{"start":{"line":62,"column":8},"end":{"line":66,"column":9}},"type":"if","locations":[{"start":{"line":62,"column":8},"end":{"line":66,"column":9}},{"start":{"line":62,"column":8},"end":{"line":66,"column":9}}],"line":62},"4":{"loc":{"start":{"line":77,"column":8},"end":{"line":79,"column":9}},"type":"if","locations":[{"start":{"line":77,"column":8},"end":{"line":79,"column":9}},{"start":{"line":77,"column":8},"end":{"line":79,"column":9}}],"line":77},"5":{"loc":{"start":{"line":92,"column":8},"end":{"line":94,"column":9}},"type":"if","locations":[{"start":{"line":92,"column":8},"end":{"line":94,"column":9}},{"start":{"line":92,"column":8},"end":{"line":94,"column":9}}],"line":92},"6":{"loc":{"start":{"line":104,"column":4},"end":{"line":109,"column":5}},"type":"if","locations":[{"start":{"line":104,"column":4},"end":{"line":109,"column":5}},{"start":{"line":104,"column":4},"end":{"line":109,"column":5}}],"line":104},"7":{"loc":{"start":{"line":115,"column":8},"end":{"line":117,"column":9}},"type":"if","locations":[{"start":{"line":115,"column":8},"end":{"line":117,"column":9}},{"start":{"line":115,"column":8},"end":{"line":117,"column":9}}],"line":115}},"s":{"0":2,"1":2,"2":2,"3":2,"4":2,"5":0,"6":0,"7":0,"8":0,"9":0,"10":0,"11":0,"12":0,"13":0,"14":0,"15":0,"16":0,"17":0,"18":0,"19":0,"20":0,"21":2,"22":0,"23":0,"24":0,"25":0,"26":0,"27":0,"28":0,"29":0,"30":0,"31":0,"32":0,"33":0,"34":0,"35":0,"36":0,"37":0,"38":0,"39":0,"40":2,"41":0,"42":0,"43":0,"44":0,"45":0,"46":0,"47":2,"48":0,"49":0,"50":0,"51":0,"52":0,"53":0,"54":0,"55":0,"56":0,"57":0,"58":0,"59":0,"60":0},"f":{"0":0,"1":0,"2":0,"3":0,"4":0,"5":0,"6":0,"7":0,"8":0,"9":0},"b":{"0":[0,0],"1":[0,0],"2":[0,0],"3":[0,0],"4":[0,0],"5":[0,0],"6":[0,0],"7":[0,0]},"_coverageSchema":"43e27e138ebf9cfc5966b082cf9a028302ed4184","hash":"ebbcd8f0da7b262246a12c33cdbfd2efa23219f7"}
,"C:\\reactjs\\learn_rest_practise_async\\controllers\\feed.js": {"path":"C:\\reactjs\\learn_rest_practise_async\\controllers\\feed.js","statementMap":{"0":{"start":{"line":1,"column":29},"end":{"line":1,"column":57}},"1":{"start":{"line":2,"column":11},"end":{"line":2,"column":24}},"2":{"start":{"line":3,"column":13},"end":{"line":3,"column":28}},"3":{"start":{"line":4,"column":13},"end":{"line":4,"column":38}},"4":{"start":{"line":5,"column":13},"end":{"line":5,"column":38}},"5":{"start":{"line":6,"column":11},"end":{"line":6,"column":31}},"6":{"start":{"line":8,"column":0},"end":{"line":32,"column":2}},"7":{"start":{"line":9,"column":24},"end":{"line":9,"column":43}},"8":{"start":{"line":10,"column":20},"end":{"line":10,"column":21}},"9":{"start":{"line":12,"column":4},"end":{"line":31,"column":5}},"10":{"start":{"line":14,"column":27},"end":{"line":14,"column":61}},"11":{"start":{"line":15,"column":22},"end":{"line":15,"column":132}},"12":{"start":{"line":16,"column":8},"end":{"line":20,"column":9}},"13":{"start":{"line":17,"column":26},"end":{"line":17,"column":54}},"14":{"start":{"line":18,"column":12},"end":{"line":18,"column":35}},"15":{"start":{"line":19,"column":12},"end":{"line":19,"column":24}},"16":{"start":{"line":21,"column":8},"end":{"line":24,"column":11}},"17":{"start":{"line":27,"column":8},"end":{"line":29,"column":9}},"18":{"start":{"line":28,"column":12},"end":{"line":28,"column":33}},"19":{"start":{"line":30,"column":8},"end":{"line":30,"column":18}},"20":{"start":{"line":34,"column":0},"end":{"line":54,"column":2}},"21":{"start":{"line":35,"column":19},"end":{"line":35,"column":36}},"22":{"start":{"line":36,"column":4},"end":{"line":53,"column":11}},"23":{"start":{"line":38,"column":12},"end":{"line":43,"column":13}},"24":{"start":{"line":39,"column":30},"end":{"line":39,"column":66}},"25":{"start":{"line":40,"column":16},"end":{"line":40,"column":39}},"26":{"start":{"line":41,"column":16},"end":{"line":41,"column":28}},"27":{"start":{"line":44,"column":12},"end":{"line":46,"column":15}},"28":{"start":{"line":49,"column":12},"end":{"line":51,"column":13}},"29":{"start":{"line":50,"column":16},"end":{"line":50,"column":37}},"30":{"start":{"line":52,"column":12},"end":{"line":52,"column":22}},"31":{"start":{"line":55,"column":0},"end":{"line":120,"column":2}},"32":{"start":{"line":57,"column":19},"end":{"line":57,"column":40}},"33":{"start":{"line":59,"column":4},"end":{"line":69,"column":5}},"34":{"start":{"line":60,"column":22},"end":{"line":60,"column":52}},"35":{"start":{"line":61,"column":8},"end":{"line":61,"column":36}},"36":{"start":{"line":63,"column":8},"end":{"line":63,"column":31}},"37":{"start":{"line":64,"column":8},"end":{"line":64,"column":20}},"38":{"start":{"line":70,"column":4},"end":{"line":74,"column":5}},"39":{"start":{"line":71,"column":22},"end":{"line":71,"column":52}},"40":{"start":{"line":72,"column":8},"end":{"line":72,"column":31}},"41":{"start":{"line":73,"column":8},"end":{"line":73,"column":20}},"42":{"start":{"line":75,"column":21},"end":{"line":75,"column":34}},"43":{"start":{"line":76,"column":18},"end":{"line":76,"column":32}},"44":{"start":{"line":77,"column":20},"end":{"line":77,"column":36}},"45":{"start":{"line":82,"column":17},"end":{"line":88,"column":6}},"46":{"start":{"line":90,"column":4},"end":{"line":117,"column":5}},"47":{"start":{"line":91,"column":8},"end":{"line":91,"column":25}},"48":{"start":{"line":93,"column":21},"end":{"line":93,"column":52}},"49":{"start":{"line":95,"column":8},"end":{"line":95,"column":30}},"50":{"start":{"line":96,"column":8},"end":{"line":96,"column":26}},"51":{"start":{"line":98,"column":8},"end":{"line":98,"column":126}},"52":{"start":{"line":103,"column":8},"end":{"line":107,"column":11}},"53":{"start":{"line":110,"column":8},"end":{"line":114,"column":9}},"54":{"start":{"line":111,"column":12},"end":{"line":111,"column":33}},"55":{"start":{"line":115,"column":8},"end":{"line":115,"column":18}},"56":{"start":{"line":122,"column":0},"end":{"line":181,"column":2}},"57":{"start":{"line":123,"column":19},"end":{"line":123,"column":36}},"58":{"start":{"line":125,"column":19},"end":{"line":125,"column":40}},"59":{"start":{"line":126,"column":4},"end":{"line":130,"column":5}},"60":{"start":{"line":127,"column":22},"end":{"line":127,"column":78}},"61":{"start":{"line":128,"column":8},"end":{"line":128,"column":31}},"62":{"start":{"line":129,"column":8},"end":{"line":129,"column":20}},"63":{"start":{"line":132,"column":18},"end":{"line":132,"column":32}},"64":{"start":{"line":133,"column":20},"end":{"line":133,"column":36}},"65":{"start":{"line":134,"column":19},"end":{"line":134,"column":33}},"66":{"start":{"line":135,"column":4},"end":{"line":137,"column":5}},"67":{"start":{"line":136,"column":8},"end":{"line":136,"column":33}},"68":{"start":{"line":139,"column":4},"end":{"line":143,"column":5}},"69":{"start":{"line":140,"column":22},"end":{"line":140,"column":49}},"70":{"start":{"line":141,"column":8},"end":{"line":141,"column":31}},"71":{"start":{"line":142,"column":8},"end":{"line":142,"column":20}},"72":{"start":{"line":145,"column":4},"end":{"line":180,"column":5}},"73":{"start":{"line":147,"column":21},"end":{"line":147,"column":68}},"74":{"start":{"line":149,"column":8},"end":{"line":153,"column":9}},"75":{"start":{"line":150,"column":26},"end":{"line":150,"column":53}},"76":{"start":{"line":151,"column":12},"end":{"line":151,"column":35}},"77":{"start":{"line":152,"column":12},"end":{"line":152,"column":24}},"78":{"start":{"line":155,"column":8},"end":{"line":159,"column":9}},"79":{"start":{"line":156,"column":26},"end":{"line":156,"column":53}},"80":{"start":{"line":157,"column":12},"end":{"line":157,"column":35}},"81":{"start":{"line":158,"column":12},"end":{"line":158,"column":24}},"82":{"start":{"line":162,"column":8},"end":{"line":164,"column":9}},"83":{"start":{"line":163,"column":12},"end":{"line":163,"column":38}},"84":{"start":{"line":166,"column":8},"end":{"line":166,"column":27}},"85":{"start":{"line":167,"column":8},"end":{"line":167,"column":31}},"86":{"start":{"line":168,"column":8},"end":{"line":168,"column":33}},"87":{"start":{"line":169,"column":8},"end":{"line":169,"column":34}},"88":{"start":{"line":170,"column":23},"end":{"line":170,"column":40}},"89":{"start":{"line":171,"column":8},"end":{"line":171,"column":69}},"90":{"start":{"line":173,"column":8},"end":{"line":173,"column":85}},"91":{"start":{"line":176,"column":8},"end":{"line":178,"column":9}},"92":{"start":{"line":177,"column":12},"end":{"line":177,"column":33}},"93":{"start":{"line":179,"column":8},"end":{"line":179,"column":18}},"94":{"start":{"line":183,"column":19},"end":{"line":186,"column":1}},"95":{"start":{"line":184,"column":4},"end":{"line":184,"column":52}},"96":{"start":{"line":185,"column":4},"end":{"line":185,"column":49}},"97":{"start":{"line":185,"column":31},"end":{"line":185,"column":47}},"98":{"start":{"line":188,"column":0},"end":{"line":227,"column":2}},"99":{"start":{"line":189,"column":19},"end":{"line":189,"column":36}},"100":{"start":{"line":191,"column":4},"end":{"line":225,"column":5}},"101":{"start":{"line":192,"column":21},"end":{"line":192,"column":48}},"102":{"start":{"line":194,"column":8},"end":{"line":198,"column":9}},"103":{"start":{"line":195,"column":26},"end":{"line":195,"column":53}},"104":{"start":{"line":196,"column":12},"end":{"line":196,"column":35}},"105":{"start":{"line":197,"column":12},"end":{"line":197,"column":24}},"106":{"start":{"line":199,"column":8},"end":{"line":203,"column":9}},"107":{"start":{"line":200,"column":26},"end":{"line":200,"column":53}},"108":{"start":{"line":201,"column":12},"end":{"line":201,"column":35}},"109":{"start":{"line":202,"column":12},"end":{"line":202,"column":24}},"110":{"start":{"line":205,"column":8},"end":{"line":205,"column":33}},"111":{"start":{"line":206,"column":8},"end":{"line":206,"column":45}},"112":{"start":{"line":209,"column":8},"end":{"line":209,"column":29}},"113":{"start":{"line":213,"column":21},"end":{"line":213,"column":52}},"114":{"start":{"line":215,"column":8},"end":{"line":215,"column":32}},"115":{"start":{"line":216,"column":8},"end":{"line":216,"column":26}},"116":{"start":{"line":217,"column":8},"end":{"line":217,"column":69}},"117":{"start":{"line":218,"column":8},"end":{"line":218,"column":71}},"118":{"start":{"line":221,"column":8},"end":{"line":223,"column":9}},"119":{"start":{"line":222,"column":12},"end":{"line":222,"column":33}},"120":{"start":{"line":224,"column":8},"end":{"line":224,"column":18}}},"fnMap":{"0":{"name":"(anonymous_0)","decl":{"start":{"line":8,"column":19},"end":{"line":8,"column":20}},"loc":{"start":{"line":8,"column":45},"end":{"line":32,"column":1}},"line":8},"1":{"name":"(anonymous_1)","decl":{"start":{"line":34,"column":24},"end":{"line":34,"column":25}},"loc":{"start":{"line":34,"column":44},"end":{"line":54,"column":1}},"line":34},"2":{"name":"(anonymous_2)","decl":{"start":{"line":37,"column":14},"end":{"line":37,"column":15}},"loc":{"start":{"line":37,"column":22},"end":{"line":47,"column":9}},"line":37},"3":{"name":"(anonymous_3)","decl":{"start":{"line":48,"column":15},"end":{"line":48,"column":16}},"loc":{"start":{"line":48,"column":22},"end":{"line":53,"column":9}},"line":48},"4":{"name":"(anonymous_4)","decl":{"start":{"line":55,"column":22},"end":{"line":55,"column":23}},"loc":{"start":{"line":55,"column":48},"end":{"line":120,"column":1}},"line":55},"5":{"name":"(anonymous_5)","decl":{"start":{"line":122,"column":21},"end":{"line":122,"column":22}},"loc":{"start":{"line":122,"column":47},"end":{"line":181,"column":1}},"line":122},"6":{"name":"(anonymous_6)","decl":{"start":{"line":183,"column":19},"end":{"line":183,"column":20}},"loc":{"start":{"line":183,"column":31},"end":{"line":186,"column":1}},"line":183},"7":{"name":"(anonymous_7)","decl":{"start":{"line":185,"column":24},"end":{"line":185,"column":25}},"loc":{"start":{"line":185,"column":31},"end":{"line":185,"column":47}},"line":185},"8":{"name":"(anonymous_8)","decl":{"start":{"line":188,"column":21},"end":{"line":188,"column":22}},"loc":{"start":{"line":188,"column":47},"end":{"line":227,"column":1}},"line":188}},"branchMap":{"0":{"loc":{"start":{"line":9,"column":24},"end":{"line":9,"column":43}},"type":"binary-expr","locations":[{"start":{"line":9,"column":24},"end":{"line":9,"column":38}},{"start":{"line":9,"column":42},"end":{"line":9,"column":43}}],"line":9},"1":{"loc":{"start":{"line":16,"column":8},"end":{"line":20,"column":9}},"type":"if","locations":[{"start":{"line":16,"column":8},"end":{"line":20,"column":9}},{"start":{"line":16,"column":8},"end":{"line":20,"column":9}}],"line":16},"2":{"loc":{"start":{"line":27,"column":8},"end":{"line":29,"column":9}},"type":"if","locations":[{"start":{"line":27,"column":8},"end":{"line":29,"column":9}},{"start":{"line":27,"column":8},"end":{"line":29,"column":9}}],"line":27},"3":{"loc":{"start":{"line":38,"column":12},"end":{"line":43,"column":13}},"type":"if","locations":[{"start":{"line":38,"column":12},"end":{"line":43,"column":13}},{"start":{"line":38,"column":12},"end":{"line":43,"column":13}}],"line":38},"4":{"loc":{"start":{"line":49,"column":12},"end":{"line":51,"column":13}},"type":"if","locations":[{"start":{"line":49,"column":12},"end":{"line":51,"column":13}},{"start":{"line":49,"column":12},"end":{"line":51,"column":13}}],"line":49},"5":{"loc":{"start":{"line":59,"column":4},"end":{"line":69,"column":5}},"type":"if","locations":[{"start":{"line":59,"column":4},"end":{"line":69,"column":5}},{"start":{"line":59,"column":4},"end":{"line":69,"column":5}}],"line":59},"6":{"loc":{"start":{"line":70,"column":4},"end":{"line":74,"column":5}},"type":"if","locations":[{"start":{"line":70,"column":4},"end":{"line":74,"column":5}},{"start":{"line":70,"column":4},"end":{"line":74,"column":5}}],"line":70},"7":{"loc":{"start":{"line":110,"column":8},"end":{"line":114,"column":9}},"type":"if","locations":[{"start":{"line":110,"column":8},"end":{"line":114,"column":9}},{"start":{"line":110,"column":8},"end":{"line":114,"column":9}}],"line":110},"8":{"loc":{"start":{"line":126,"column":4},"end":{"line":130,"column":5}},"type":"if","locations":[{"start":{"line":126,"column":4},"end":{"line":130,"column":5}},{"start":{"line":126,"column":4},"end":{"line":130,"column":5}}],"line":126},"9":{"loc":{"start":{"line":135,"column":4},"end":{"line":137,"column":5}},"type":"if","locations":[{"start":{"line":135,"column":4},"end":{"line":137,"column":5}},{"start":{"line":135,"column":4},"end":{"line":137,"column":5}}],"line":135},"10":{"loc":{"start":{"line":139,"column":4},"end":{"line":143,"column":5}},"type":"if","locations":[{"start":{"line":139,"column":4},"end":{"line":143,"column":5}},{"start":{"line":139,"column":4},"end":{"line":143,"column":5}}],"line":139},"11":{"loc":{"start":{"line":149,"column":8},"end":{"line":153,"column":9}},"type":"if","locations":[{"start":{"line":149,"column":8},"end":{"line":153,"column":9}},{"start":{"line":149,"column":8},"end":{"line":153,"column":9}}],"line":149},"12":{"loc":{"start":{"line":155,"column":8},"end":{"line":159,"column":9}},"type":"if","locations":[{"start":{"line":155,"column":8},"end":{"line":159,"column":9}},{"start":{"line":155,"column":8},"end":{"line":159,"column":9}}],"line":155},"13":{"loc":{"start":{"line":162,"column":8},"end":{"line":164,"column":9}},"type":"if","locations":[{"start":{"line":162,"column":8},"end":{"line":164,"column":9}},{"start":{"line":162,"column":8},"end":{"line":164,"column":9}}],"line":162},"14":{"loc":{"start":{"line":176,"column":8},"end":{"line":178,"column":9}},"type":"if","locations":[{"start":{"line":176,"column":8},"end":{"line":178,"column":9}},{"start":{"line":176,"column":8},"end":{"line":178,"column":9}}],"line":176},"15":{"loc":{"start":{"line":194,"column":8},"end":{"line":198,"column":9}},"type":"if","locations":[{"start":{"line":194,"column":8},"end":{"line":198,"column":9}},{"start":{"line":194,"column":8},"end":{"line":198,"column":9}}],"line":194},"16":{"loc":{"start":{"line":199,"column":8},"end":{"line":203,"column":9}},"type":"if","locations":[{"start":{"line":199,"column":8},"end":{"line":203,"column":9}},{"start":{"line":199,"column":8},"end":{"line":203,"column":9}}],"line":199},"17":{"loc":{"start":{"line":221,"column":8},"end":{"line":223,"column":9}},"type":"if","locations":[{"start":{"line":221,"column":8},"end":{"line":223,"column":9}},{"start":{"line":221,"column":8},"end":{"line":223,"column":9}}],"line":221}},"s":{"0":2,"1":2,"2":2,"3":2,"4":2,"5":2,"6":2,"7":1,"8":1,"9":1,"10":1,"11":1,"12":1,"13":0,"14":0,"15":0,"16":1,"17":0,"18":0,"19":0,"20":2,"21":2,"22":2,"23":2,"24":1,"25":1,"26":1,"27":1,"28":1,"29":0,"30":1,"31":2,"32":0,"33":0,"34":0,"35":0,"36":0,"37":0,"38":0,"39":0,"40":0,"41":0,"42":0,"43":0,"44":0,"45":0,"46":0,"47":0,"48":0,"49":0,"50":0,"51":0,"52":0,"53":0,"54":0,"55":0,"56":2,"57":0,"58":0,"59":0,"60":0,"61":0,"62":0,"63":0,"64":0,"65":0,"66":0,"67":0,"68":0,"69":0,"70":0,"71":0,"72":0,"73":0,"74":0,"75":0,"76":0,"77":0,"78":0,"79":0,"80":0,"81":0,"82":0,"83":0,"84":0,"85":0,"86":0,"87":0,"88":0,"89":0,"90":0,"91":0,"92":0,"93":0,"94":2,"95":0,"96":0,"97":0,"98":2,"99":0,"100":0,"101":0,"102":0,"103":0,"104":0,"105":0,"106":0,"107":0,"108":0,"109":0,"110":0,"111":0,"112":0,"113":0,"114":0,"115":0,"116":0,"117":0,"118":0,"119":0,"120":0},"f":{"0":1,"1":2,"2":2,"3":1,"4":0,"5":0,"6":0,"7":0,"8":0},"b":{"0":[1,1],"1":[0,1],"2":[0,0],"3":[1,1],"4":[0,1],"5":[0,0],"6":[0,0],"7":[0,0],"8":[0,0],"9":[0,0],"10":[0,0],"11":[0,0],"12":[0,0],"13":[0,0],"14":[0,0],"15":[0,0],"16":[0,0],"17":[0,0]},"_coverageSchema":"43e27e138ebf9cfc5966b082cf9a028302ed4184","hash":"f67f7852ce3bfc616512d3488eb154cb03b05a3d"}
,"C:\\reactjs\\learn_rest_practise_async\\middleware\\is-auth.js": {"path":"C:\\reactjs\\learn_rest_practise_async\\middleware\\is-auth.js","statementMap":{"0":{"start":{"line":1,"column":12},"end":{"line":1,"column":35}},"1":{"start":{"line":3,"column":0},"end":{"line":29,"column":2}},"2":{"start":{"line":4,"column":23},"end":{"line":4,"column":47}},"3":{"start":{"line":5,"column":4},"end":{"line":9,"column":5}},"4":{"start":{"line":6,"column":22},"end":{"line":6,"column":52}},"5":{"start":{"line":7,"column":8},"end":{"line":7,"column":31}},"6":{"start":{"line":8,"column":8},"end":{"line":8,"column":20}},"7":{"start":{"line":10,"column":19},"end":{"line":10,"column":43}},"8":{"start":{"line":12,"column":4},"end":{"line":17,"column":5}},"9":{"start":{"line":13,"column":8},"end":{"line":13,"column":66}},"10":{"start":{"line":15,"column":8},"end":{"line":15,"column":28}},"11":{"start":{"line":16,"column":8},"end":{"line":16,"column":18}},"12":{"start":{"line":19,"column":4},"end":{"line":24,"column":5}},"13":{"start":{"line":21,"column":22},"end":{"line":21,"column":52}},"14":{"start":{"line":22,"column":8},"end":{"line":22,"column":31}},"15":{"start":{"line":23,"column":8},"end":{"line":23,"column":20}},"16":{"start":{"line":27,"column":4},"end":{"line":27,"column":37}},"17":{"start":{"line":28,"column":4},"end":{"line":28,"column":11}}},"fnMap":{"0":{"name":"(anonymous_0)","decl":{"start":{"line":3,"column":17},"end":{"line":3,"column":18}},"loc":{"start":{"line":3,"column":37},"end":{"line":29,"column":1}},"line":3}},"branchMap":{"0":{"loc":{"start":{"line":5,"column":4},"end":{"line":9,"column":5}},"type":"if","locations":[{"start":{"line":5,"column":4},"end":{"line":9,"column":5}},{"start":{"line":5,"column":4},"end":{"line":9,"column":5}}],"line":5},"1":{"loc":{"start":{"line":19,"column":4},"end":{"line":24,"column":5}},"type":"if","locations":[{"start":{"line":19,"column":4},"end":{"line":24,"column":5}},{"start":{"line":19,"column":4},"end":{"line":24,"column":5}}],"line":19}},"s":{"0":3,"1":3,"2":7,"3":7,"4":2,"5":2,"6":2,"7":5,"8":5,"9":5,"10":1,"11":1,"12":4,"13":0,"14":0,"15":0,"16":4,"17":4},"f":{"0":7},"b":{"0":[2,5],"1":[0,4]},"_coverageSchema":"43e27e138ebf9cfc5966b082cf9a028302ed4184","hash":"a2951b2682e840b8351acd30a2450aaa1fb6678a"}
,"C:\\reactjs\\learn_rest_practise_async\\models\\post.js": {"path":"C:\\reactjs\\learn_rest_practise_async\\models\\post.js","statementMap":{"0":{"start":{"line":1,"column":17},"end":{"line":1,"column":36}},"1":{"start":{"line":2,"column":15},"end":{"line":2,"column":30}},"2":{"start":{"line":4,"column":0},"end":{"line":25,"column":2}},"3":{"start":{"line":27,"column":0},"end":{"line":27,"column":52}}},"fnMap":{},"branchMap":{},"s":{"0":2,"1":2,"2":2,"3":2},"f":{},"b":{},"_coverageSchema":"43e27e138ebf9cfc5966b082cf9a028302ed4184","hash":"35c4a95d836da3c0593a8d712e85e60b35a4defb"}
,"C:\\reactjs\\learn_rest_practise_async\\models\\user.js": {"path":"C:\\reactjs\\learn_rest_practise_async\\models\\user.js","statementMap":{"0":{"start":{"line":1,"column":17},"end":{"line":1,"column":36}},"1":{"start":{"line":2,"column":15},"end":{"line":2,"column":30}},"2":{"start":{"line":4,"column":0},"end":{"line":29,"column":2}},"3":{"start":{"line":31,"column":0},"end":{"line":31,"column":52}}},"fnMap":{},"branchMap":{},"s":{"0":2,"1":2,"2":2,"3":2},"f":{},"b":{},"_coverageSchema":"43e27e138ebf9cfc5966b082cf9a028302ed4184","hash":"d3556414c459fbe57bf1a9a8dfe18fdcad002eca"}
,"C:\\reactjs\\learn_rest_practise_async\\routes\\auth.js": {"path":"C:\\reactjs\\learn_rest_practise_async\\routes\\auth.js","statementMap":{"0":{"start":{"line":1,"column":16},"end":{"line":1,"column":34}},"1":{"start":{"line":2,"column":24},"end":{"line":2,"column":52}},"2":{"start":{"line":3,"column":15},"end":{"line":3,"column":31}},"3":{"start":{"line":5,"column":13},"end":{"line":5,"column":38}},"4":{"start":{"line":6,"column":23},"end":{"line":6,"column":53}},"5":{"start":{"line":7,"column":15},"end":{"line":7,"column":47}},"6":{"start":{"line":10,"column":0},"end":{"line":27,"column":26}},"7":{"start":{"line":13,"column":8},"end":{"line":23,"column":11}},"8":{"start":{"line":15,"column":12},"end":{"line":22,"column":13}},"9":{"start":{"line":17,"column":30},"end":{"line":19,"column":18}},"10":{"start":{"line":18,"column":20},"end":{"line":18,"column":62}},"11":{"start":{"line":21,"column":16},"end":{"line":21,"column":31}},"12":{"start":{"line":28,"column":0},"end":{"line":28,"column":43}},"13":{"start":{"line":29,"column":0},"end":{"line":29,"column":52}},"14":{"start":{"line":30,"column":0},"end":{"line":32,"column":33}},"15":{"start":{"line":34,"column":0},"end":{"line":34,"column":24}}},"fnMap":{"0":{"name":"(anonymous_0)","decl":{"start":{"line":11,"column":53},"end":{"line":11,"column":54}},"loc":{"start":{"line":11,"column":73},"end":{"line":24,"column":5}},"line":11},"1":{"name":"(anonymous_1)","decl":{"start":{"line":13,"column":51},"end":{"line":13,"column":52}},"loc":{"start":{"line":13,"column":62},"end":{"line":23,"column":9}},"line":13},"2":{"name":"(anonymous_2)","decl":{"start":{"line":17,"column":43},"end":{"line":17,"column":44}},"loc":{"start":{"line":17,"column":63},"end":{"line":19,"column":17}},"line":17}},"branchMap":{"0":{"loc":{"start":{"line":15,"column":12},"end":{"line":22,"column":13}},"type":"if","locations":[{"start":{"line":15,"column":12},"end":{"line":22,"column":13}},{"start":{"line":15,"column":12},"end":{"line":22,"column":13}}],"line":15}},"s":{"0":2,"1":2,"2":2,"3":2,"4":2,"5":2,"6":2,"7":0,"8":0,"9":0,"10":0,"11":0,"12":2,"13":2,"14":2,"15":2},"f":{"0":0,"1":0,"2":0},"b":{"0":[0,0]},"_coverageSchema":"43e27e138ebf9cfc5966b082cf9a028302ed4184","hash":"617187eb96d2f2730d51599854156d59712504bc"}
,"C:\\reactjs\\learn_rest_practise_async\\routes\\feed.js": {"path":"C:\\reactjs\\learn_rest_practise_async\\routes\\feed.js","statementMap":{"0":{"start":{"line":1,"column":16},"end":{"line":1,"column":34}},"1":{"start":{"line":2,"column":15},"end":{"line":2,"column":43}},"2":{"start":{"line":3,"column":15},"end":{"line":3,"column":31}},"3":{"start":{"line":4,"column":23},"end":{"line":4,"column":53}},"4":{"start":{"line":5,"column":15},"end":{"line":5,"column":47}},"5":{"start":{"line":8,"column":0},"end":{"line":8,"column":55}},"6":{"start":{"line":9,"column":0},"end":{"line":12,"column":31}},"7":{"start":{"line":13,"column":0},"end":{"line":13,"column":66}},"8":{"start":{"line":18,"column":0},"end":{"line":21,"column":30}},"9":{"start":{"line":23,"column":0},"end":{"line":23,"column":71}},"10":{"start":{"line":25,"column":0},"end":{"line":25,"column":24}}},"fnMap":{},"branchMap":{},"s":{"0":2,"1":2,"2":2,"3":2,"4":2,"5":2,"6":2,"7":2,"8":2,"9":2,"10":2},"f":{},"b":{},"_coverageSchema":"43e27e138ebf9cfc5966b082cf9a028302ed4184","hash":"cb3c5a6f21957c23cf7f0700e4e6a6cffa8bc21a"}
}
